#
# A fatal error has been detected by the Java Runtime Environment:
#
#  EXCEPTION_ACCESS_VIOLATION (0xc0000005) at pc=0x0b32a15d, pid=3428, tid=3304
#
# JRE version: 7.0_10-b18
# Java VM: Java HotSpot(TM) Client VM (23.6-b04 mixed mode, sharing windows-x86 )
# Problematic frame:
# C  [ig4dev32.dll+0xfa15d]
#
# Failed to write core dump. Minidumps are not enabled by default on client versions of Windows
#
# If you would like to submit a bug report, please visit:
#   http://bugreport.sun.com/bugreport/crash.jsp
# The crash happened outside the Java Virtual Machine in native code.
# See problematic frame for where to report the bug.
#

---------------  T H R E A D  ---------------

Current thread (0x02ef6c00):  JavaThread "Java2D Queue Flusher" daemon [_thread_in_native, id=3304, stack(0x0b0d0000,0x0b120000)]

siginfo: ExceptionCode=0xc0000005, writing address 0x00000040

Registers:
EAX=0x00000000, EBX=0x00000001, ECX=0x00000001, EDX=0x00000004
ESP=0x0b11f7b0, EBP=0x0b11f83c, ESI=0x00000040, EDI=0x00000040
EIP=0x0b32a15d, EFLAGS=0x00010246

Top of Stack: (sp=0x0b11f7b0)
0x0b11f7b0:   0bd23340 0b8854d0 00000001 00000004
0x0b11f7c0:   00000020 0b88a4e0 00000001 00000001
0x0b11f7d0:   0b32c9f6 0b11f7fc 00000040 0b88550c
0x0b11f7e0:   0b11f80c 0b11f7f8 0bd40250 0b8854d0
0x0b11f7f0:   0b8854d0 00000001 00000080 00000000
0x0b11f800:   0b32ccca 0b11f844 0b11f828 00000040
0x0b11f810:   0bd0d8a8 0bd40250 00000001 00000000
0x0b11f820:   00000000 00000000 00000000 00000000 

Instructions: (pc=0x0b32a15d)
0x0b32a13d:   50 2c 8b 44 24 34 03 d1 89 10 f6 c3 01 74 1a 8b
0x0b32a14d:   54 24 30 8b 3a 8b 4c 24 0c 8b d1 c1 e9 02 33 c0
0x0b32a15d:   f3 ab 8b ca 83 e1 03 f3 aa 8b 44 24 24 5f 5e 89
0x0b32a16d:   18 5b 83 c4 14 c2 14 00 cc cc cc cc cc cc cc cc 


Register to memory mapping:

EAX=0x00000000 is an unknown value
EBX=0x00000001 is an unknown value
ECX=0x00000001 is an unknown value
EDX=0x00000004 is an unknown value
ESP=0x0b11f7b0 is pointing into the stack for thread: 0x02ef6c00
EBP=0x0b11f83c is pointing into the stack for thread: 0x02ef6c00
ESI=0x00000040 is an unknown value
EDI=0x00000040 is an unknown value


Stack: [0x0b0d0000,0x0b120000],  sp=0x0b11f7b0,  free space=317k
Native frames: (J=compiled Java code, j=interpreted, Vv=VM code, C=native code)
C  [ig4dev32.dll+0xfa15d]

Java frames: (J=compiled Java code, j=interpreted, Vv=VM code)
J  sun.java2d.opengl.OGLRenderQueue.flushBuffer(JI)V
J  sun.java2d.opengl.OGLRenderQueue.flushBuffer()V
J  sun.java2d.opengl.OGLRenderQueue$QueueFlusher.run()V
v  ~StubRoutines::call_stub

---------------  P R O C E S S  ---------------

Java Threads: ( => current thread )
  0x003c8400 JavaThread "DestroyJavaVM" [_thread_blocked, id=4832, stack(0x00900000,0x00950000)]
  0x02f5c400 JavaThread "Thread-2" [_thread_blocked, id=4084, stack(0x0bca0000,0x0bcf0000)]
  0x02f0f400 JavaThread "AWT-EventQueue-0" [_thread_blocked, id=1364, stack(0x0bae0000,0x0bb30000)]
  0x02f04c00 JavaThread "AWT-Windows" daemon [_thread_in_native, id=5624, stack(0x0ba90000,0x0bae0000)]
  0x02f03800 JavaThread "AWT-Shutdown" [_thread_blocked, id=5524, stack(0x0ba40000,0x0ba90000)]
  0x02efe000 JavaThread "Java2D Disposer" daemon [_thread_blocked, id=588, stack(0x0b9f0000,0x0ba40000)]
=>0x02ef6c00 JavaThread "Java2D Queue Flusher" daemon [_thread_in_native, id=3304, stack(0x0b0d0000,0x0b120000)]
  0x02a9b400 JavaThread "Service Thread" daemon [_thread_blocked, id=2416, stack(0x02e30000,0x02e80000)]
  0x02a95800 JavaThread "C1 CompilerThread0" daemon [_thread_blocked, id=5276, stack(0x02de0000,0x02e30000)]
  0x02a93c00 JavaThread "Attach Listener" daemon [_thread_blocked, id=1672, stack(0x02d90000,0x02de0000)]
  0x02a92800 JavaThread "Signal Dispatcher" daemon [_thread_blocked, id=6036, stack(0x02d40000,0x02d90000)]
  0x02a84000 JavaThread "Finalizer" daemon [_thread_blocked, id=5272, stack(0x02cf0000,0x02d40000)]
  0x02a7f400 JavaThread "Reference Handler" daemon [_thread_blocked, id=5452, stack(0x02ca0000,0x02cf0000)]

Other Threads:
  0x02a7d800 VMThread [stack: 0x02c50000,0x02ca0000] [id=3532]
  0x02aaf400 WatcherThread [stack: 0x02e80000,0x02ed0000] [id=3936]

VM state:not at safepoint (normal execution)

VM Mutex/Monitor currently owned by a thread: None

Heap
 def new generation   total 4992K, used 2490K [0x22b50000, 0x230b0000, 0x280a0000)
  eden space 4480K,  55% used [0x22b50000, 0x22dbe190, 0x22fb0000)
  from space 512K,   0% used [0x23030000, 0x230307a8, 0x230b0000)
  to   space 512K,   0% used [0x22fb0000, 0x22fb0000, 0x23030000)
 tenured generation   total 10944K, used 2491K [0x280a0000, 0x28b50000, 0x32b50000)
   the space 10944K,  22% used [0x280a0000, 0x2830ef48, 0x2830f000, 0x28b50000)
 compacting perm gen  total 12288K, used 1504K [0x32b50000, 0x33750000, 0x36b50000)
   the space 12288K,  12% used [0x32b50000, 0x32cc8378, 0x32cc8400, 0x33750000)
    ro space 10240K,  45% used [0x36b50000, 0x36fd5e50, 0x36fd6000, 0x37550000)
    rw space 12288K,  54% used [0x37550000, 0x37bd8f78, 0x37bd9000, 0x38150000)

Card table byte_map: [0x02af0000,0x02ba0000] byte_map_base: 0x029da580

Polling page: 0x003f0000

Code Cache  [0x00970000, 0x00ad8000, 0x02970000)
 total_blobs=850 nmethods=609 adapters=175 free_code_cache=31351Kb largest_free_block=32103872

Compilation events (10 events):
Event: 34.851 Thread 0x02a95800  604             java.awt.EventQueue$3::run (17 bytes)
Event: 34.851 Thread 0x02a95800 nmethod 604 0x00ad0d48 code [0x00ad0e50, 0x00ad0efc]
Event: 34.915 Thread 0x02a95800  605             java.awt.EventDispatchThread$1::evaluate (2 bytes)
Event: 34.915 Thread 0x02a95800 nmethod 605 0x00ad0fc8 code [0x00ad10c0, 0x00ad1140]
Event: 35.435 Thread 0x02a95800  606   !         java.awt.EventQueue::getNextEvent (80 bytes)
Event: 35.435 Thread 0x02a95800 nmethod 606 0x00ad1188 code [0x00ad12f0, 0x00ad14d0]
Event: 37.193 Thread 0x02a95800  607             java.util.ComparableTimSort::binarySort (223 bytes)
Event: 37.194 Thread 0x02a95800 nmethod 607 0x00ad1708 code [0x00ad1850, 0x00ad1c58]
Event: 37.194 Thread 0x02a95800  608             java.lang.String::compareTo (9 bytes)
Event: 37.194 Thread 0x02a95800 nmethod 608 0x00ad2008 code [0x00ad2110, 0x00ad21bc]

GC Heap History (10 events):
Event: 35.718 GC heap before
{Heap before GC invocations=161 (full 1):
 def new generation   total 4992K, used 4482K [0x22b50000, 0x230b0000, 0x280a0000)
  eden space 4480K, 100% used [0x22b50000, 0x22fb0000, 0x22fb0000)
  from space 512K,   0% used [0x22fb0000, 0x22fb08a8, 0x23030000)
  to   space 512K,   0% used [0x23030000, 0x23030000, 0x230b0000)
 tenured generation   total 10944K, used 2491K [0x280a0000, 0x28b50000, 0x32b50000)
   the space 10944K,  22% used [0x280a0000, 0x2830ef48, 0x2830f000, 0x28b50000)
 compacting perm gen  total 12288K, used 1504K [0x32b50000, 0x33750000, 0x36b50000)
   the space 12288K,  12% used [0x32b50000, 0x32cc8368, 0x32cc8400, 0x33750000)
    ro space 10240K,  45% used [0x36b50000, 0x36fd5e50, 0x36fd6000, 0x37550000)
    rw space 12288K,  54% used [0x37550000, 0x37bd8f78, 0x37bd9000, 0x38150000)
Event: 35.719 GC heap after
Heap after GC invocations=162 (full 1):
 def new generation   total 4992K, used 1K [0x22b50000, 0x230b0000, 0x280a0000)
  eden space 4480K,   0% used [0x22b50000, 0x22b50000, 0x22fb0000)
  from space 512K,   0% used [0x23030000, 0x230307d8, 0x230b0000)
  to   space 512K,   0% used [0x22fb0000, 0x22fb0000, 0x23030000)
 tenured generation   total 10944K, used 2491K [0x280a0000, 0x28b50000, 0x32b50000)
   the space 10944K,  22% used [0x280a0000, 0x2830ef48, 0x2830f000, 0x28b50000)
 compacting perm gen  total 12288K, used 1504K [0x32b50000, 0x33750000, 0x36b50000)
   the space 12288K,  12% used [0x32b50000, 0x32cc8368, 0x32cc8400, 0x33750000)
    ro space 10240K,  45% used [0x36b50000, 0x36fd5e50, 0x36fd6000, 0x37550000)
    rw space 12288K,  54% used [0x37550000, 0x37bd8f78, 0x37bd9000, 0x38150000)
}
Event: 35.936 GC heap before
{Heap before GC invocations=162 (full 1):
 def new generation   total 4992K, used 4481K [0x22b50000, 0x230b0000, 0x280a0000)
  eden space 4480K, 100% used [0x22b50000, 0x22fb0000, 0x22fb0000)
  from space 512K,   0% used [0x23030000, 0x230307d8, 0x230b0000)
  to   space 512K,   0% used [0x22fb0000, 0x22fb0000, 0x23030000)
 tenured generation   total 10944K, used 2491K [0x280a0000, 0x28b50000, 0x32b50000)
   the space 10944K,  22% used [0x280a0000, 0x2830ef48, 0x2830f000, 0x28b50000)
 compacting perm gen  total 12288K, used 1504K [0x32b50000, 0x33750000, 0x36b50000)
   the space 12288K,  12% used [0x32b50000, 0x32cc8368, 0x32cc8400, 0x33750000)
    ro space 10240K,  45% used [0x36b50000, 0x36fd5e50, 0x36fd6000, 0x37550000)
    rw space 12288K,  54% used [0x37550000, 0x37bd8f78, 0x37bd9000, 0x38150000)
Event: 35.937 GC heap after
Heap after GC invocations=163 (full 1):
 def new generation   total 4992K, used 2K [0x22b50000, 0x230b0000, 0x280a0000)
  eden space 4480K,   0% used [0x22b50000, 0x22b50000, 0x22fb0000)
  from space 512K,   0% used [0x22fb0000, 0x22fb0880, 0x23030000)
  to   space 512K,   0% used [0x23030000, 0x23030000, 0x230b0000)
 tenured generation   total 10944K, used 2491K [0x280a0000, 0x28b50000, 0x32b50000)
   the space 10944K,  22% used [0x280a0000, 0x2830ef48, 0x2830f000, 0x28b50000)
 compacting perm gen  total 12288K, used 1504K [0x32b50000, 0x33750000, 0x36b50000)
   the space 12288K,  12% used [0x32b50000, 0x32cc8368, 0x32cc8400, 0x33750000)
    ro space 10240K,  45% used [0x36b50000, 0x36fd5e50, 0x36fd6000, 0x37550000)
    rw space 12288K,  54% used [0x37550000, 0x37bd8f78, 0x37bd9000, 0x38150000)
}
Event: 36.154 GC heap before
{Heap before GC invocations=163 (full 1):
 def new generation   total 4992K, used 4482K [0x22b50000, 0x230b0000, 0x280a0000)
  eden space 4480K, 100% used [0x22b50000, 0x22fb0000, 0x22fb0000)
  from space 512K,   0% used [0x22fb0000, 0x22fb0880, 0x23030000)
  to   space 512K,   0% used [0x23030000, 0x23030000, 0x230b0000)
 tenured generation   total 10944K, used 2491K [0x280a0000, 0x28b50000, 0x32b50000)
   the space 10944K,  22% used [0x280a0000, 0x2830ef48, 0x2830f000, 0x28b50000)
 compacting perm gen  total 12288K, used 1504K [0x32b50000, 0x33750000, 0x36b50000)
   the space 12288K,  12% used [0x32b50000, 0x32cc8368, 0x32cc8400, 0x33750000)
    ro space 10240K,  45% used [0x36b50000, 0x36fd5e50, 0x36fd6000, 0x37550000)
    rw space 12288K,  54% used [0x37550000, 0x37bd8f78, 0x37bd9000, 0x38150000)
Event: 36.155 GC heap after
Heap after GC invocations=164 (full 1):
 def new generation   total 4992K, used 1K [0x22b50000, 0x230b0000, 0x280a0000)
  eden space 4480K,   0% used [0x22b50000, 0x22b50000, 0x22fb0000)
  from space 512K,   0% used [0x23030000, 0x230307d8, 0x230b0000)
  to   space 512K,   0% used [0x22fb0000, 0x22fb0000, 0x23030000)
 tenured generation   total 10944K, used 2491K [0x280a0000, 0x28b50000, 0x32b50000)
   the space 10944K,  22% used [0x280a0000, 0x2830ef48, 0x2830f000, 0x28b50000)
 compacting perm gen  total 12288K, used 1504K [0x32b50000, 0x33750000, 0x36b50000)
   the space 12288K,  12% used [0x32b50000, 0x32cc8368, 0x32cc8400, 0x33750000)
    ro space 10240K,  45% used [0x36b50000, 0x36fd5e50, 0x36fd6000, 0x37550000)
    rw space 12288K,  54% used [0x37550000, 0x37bd8f78, 0x37bd9000, 0x38150000)
}
Event: 36.370 GC heap before
{Heap before GC invocations=164 (full 1):
 def new generation   total 4992K, used 4481K [0x22b50000, 0x230b0000, 0x280a0000)
  eden space 4480K, 100% used [0x22b50000, 0x22fb0000, 0x22fb0000)
  from space 512K,   0% used [0x23030000, 0x230307d8, 0x230b0000)
  to   space 512K,   0% used [0x22fb0000, 0x22fb0000, 0x23030000)
 tenured generation   total 10944K, used 2491K [0x280a0000, 0x28b50000, 0x32b50000)
   the space 10944K,  22% used [0x280a0000, 0x2830ef48, 0x2830f000, 0x28b50000)
 compacting perm gen  total 12288K, used 1504K [0x32b50000, 0x33750000, 0x36b50000)
   the space 12288K,  12% used [0x32b50000, 0x32cc8368, 0x32cc8400, 0x33750000)
    ro space 10240K,  45% used [0x36b50000, 0x36fd5e50, 0x36fd6000, 0x37550000)
    rw space 12288K,  54% used [0x37550000, 0x37bd8f78, 0x37bd9000, 0x38150000)
Event: 36.370 GC heap after
Heap after GC invocations=165 (full 1):
 def new generation   total 4992K, used 1K [0x22b50000, 0x230b0000, 0x280a0000)
  eden space 4480K,   0% used [0x22b50000, 0x22b50000, 0x22fb0000)
  from space 512K,   0% used [0x22fb0000, 0x22fb0798, 0x23030000)
  to   space 512K,   0% used [0x23030000, 0x23030000, 0x230b0000)
 tenured generation   total 10944K, used 2491K [0x280a0000, 0x28b50000, 0x32b50000)
   the space 10944K,  22% used [0x280a0000, 0x2830ef48, 0x2830f000, 0x28b50000)
 compacting perm gen  total 12288K, used 1504K [0x32b50000, 0x33750000, 0x36b50000)
   the space 12288K,  12% used [0x32b50000, 0x32cc8368, 0x32cc8400, 0x33750000)
    ro space 10240K,  45% used [0x36b50000, 0x36fd5e50, 0x36fd6000, 0x37550000)
    rw space 12288K,  54% used [0x37550000, 0x37bd8f78, 0x37bd9000, 0x38150000)
}
Event: 36.585 GC heap before
{Heap before GC invocations=165 (full 1):
 def new generation   total 4992K, used 4481K [0x22b50000, 0x230b0000, 0x280a0000)
  eden space 4480K, 100% used [0x22b50000, 0x22fb0000, 0x22fb0000)
  from space 512K,   0% used [0x22fb0000, 0x22fb0798, 0x23030000)
  to   space 512K,   0% used [0x23030000, 0x23030000, 0x230b0000)
 tenured generation   total 10944K, used 2491K [0x280a0000, 0x28b50000, 0x32b50000)
   the space 10944K,  22% used [0x280a0000, 0x2830ef48, 0x2830f000, 0x28b50000)
 compacting perm gen  total 12288K, used 1504K [0x32b50000, 0x33750000, 0x36b50000)
   the space 12288K,  12% used [0x32b50000, 0x32cc8368, 0x32cc8400, 0x33750000)
    ro space 10240K,  45% used [0x36b50000, 0x36fd5e50, 0x36fd6000, 0x37550000)
    rw space 12288K,  54% used [0x37550000, 0x37bd8f78, 0x37bd9000, 0x38150000)
Event: 36.585 GC heap after
Heap after GC invocations=166 (full 1):
 def new generation   total 4992K, used 1K [0x22b50000, 0x230b0000, 0x280a0000)
  eden space 4480K,   0% used [0x22b50000, 0x22b50000, 0x22fb0000)
  from space 512K,   0% used [0x23030000, 0x230307a8, 0x230b0000)
  to   space 512K,   0% used [0x22fb0000, 0x22fb0000, 0x23030000)
 tenured generation   total 10944K, used 2491K [0x280a0000, 0x28b50000, 0x32b50000)
   the space 10944K,  22% used [0x280a0000, 0x2830ef48, 0x2830f000, 0x28b50000)
 compacting perm gen  total 12288K, used 1504K [0x32b50000, 0x33750000, 0x36b50000)
   the space 12288K,  12% used [0x32b50000, 0x32cc8368, 0x32cc8400, 0x33750000)
    ro space 10240K,  45% used [0x36b50000, 0x36fd5e50, 0x36fd6000, 0x37550000)
    rw space 12288K,  54% used [0x37550000, 0x37bd8f78, 0x37bd9000, 0x38150000)
}

Deoptimization events (0 events):
No events

Internal exceptions (10 events):
Event: 0.047 Thread 0x003c8400 Threw 0x22ba93d8 at C:\jdk7u2_32P\jdk7u10\hotspot\src\share\vm\prims\jni.cpp:716
Event: 0.121 Thread 0x003c8400 Threw 0x22c21158 at C:\jdk7u2_32P\jdk7u10\hotspot\src\share\vm\prims\jvm.cpp:1166
Event: 0.121 Thread 0x003c8400 Threw 0x22c21ff8 at C:\jdk7u2_32P\jdk7u10\hotspot\src\share\vm\prims\jvm.cpp:1166
Event: 0.121 Thread 0x003c8400 Threw 0x22c25ab8 at C:\jdk7u2_32P\jdk7u10\hotspot\src\share\vm\prims\jvm.cpp:1166
Event: 0.122 Thread 0x003c8400 Threw 0x22c26958 at C:\jdk7u2_32P\jdk7u10\hotspot\src\share\vm\prims\jvm.cpp:1166
Event: 0.151 Thread 0x003c8400 Threw 0x22c771b0 at C:\jdk7u2_32P\jdk7u10\hotspot\src\share\vm\prims\jvm.cpp:1166
Event: 0.158 Thread 0x003c8400 Threw 0x22c79400 at C:\jdk7u2_32P\jdk7u10\hotspot\src\share\vm\prims\jvm.cpp:1166
Event: 0.262 Thread 0x003c8400 Threw 0x22d0d7c0 at C:\jdk7u2_32P\jdk7u10\hotspot\src\share\vm\prims\jvm.cpp:1166
Event: 0.262 Thread 0x02f5c400 Threw 0x22d277c0 at C:\jdk7u2_32P\jdk7u10\hotspot\src\share\vm\prims\jvm.cpp:1166
Event: 0.263 Thread 0x02f5c400 Threw 0x22d29270 at C:\jdk7u2_32P\jdk7u10\hotspot\src\share\vm\prims\jvm.cpp:1166

Events (10 events):
Event: 35.718 Executing VM operation: GenCollectForAllocation
Event: 35.719 Executing VM operation: GenCollectForAllocation done
Event: 35.936 Executing VM operation: GenCollectForAllocation
Event: 35.937 Executing VM operation: GenCollectForAllocation done
Event: 36.154 Executing VM operation: GenCollectForAllocation
Event: 36.155 Executing VM operation: GenCollectForAllocation done
Event: 36.370 Executing VM operation: GenCollectForAllocation
Event: 36.370 Executing VM operation: GenCollectForAllocation done
Event: 36.585 Executing VM operation: GenCollectForAllocation
Event: 36.585 Executing VM operation: GenCollectForAllocation done


Dynamic libraries:
0x00400000 - 0x0042f000 	D:\java\bin\java.exe
0x7c900000 - 0x7c9b6000 	C:\WINDOWS\system32\ntdll.dll
0x7c800000 - 0x7c900000 	C:\WINDOWS\system32\kernel32.dll
0x77f50000 - 0x77ffb000 	C:\WINDOWS\system32\ADVAPI32.dll
0x77db0000 - 0x77e43000 	C:\WINDOWS\system32\RPCRT4.dll
0x77f20000 - 0x77f31000 	C:\WINDOWS\system32\Secur32.dll
0x7e360000 - 0x7e3f1000 	C:\WINDOWS\system32\USER32.dll
0x77e50000 - 0x77e99000 	C:\WINDOWS\system32\GDI32.dll
0x773b0000 - 0x774b3000 	C:\WINDOWS\WinSxS\x86_Microsoft.Windows.Common-Controls_6595b64144ccf1df_6.0.2600.6028_x-ww_61e65202\COMCTL32.dll
0x77bf0000 - 0x77c48000 	C:\WINDOWS\system32\msvcrt.dll
0x77ea0000 - 0x77f16000 	C:\WINDOWS\system32\SHLWAPI.dll
0x76360000 - 0x7637d000 	C:\WINDOWS\system32\IMM32.DLL
0x78aa0000 - 0x78b5d000 	D:\java\jre\bin\msvcr100.dll
0x6e8d0000 - 0x6ec1c000 	D:\java\jre\bin\client\jvm.dll
0x71a90000 - 0x71a9a000 	C:\WINDOWS\system32\WSOCK32.dll
0x71a70000 - 0x71a87000 	C:\WINDOWS\system32\WS2_32.dll
0x71a60000 - 0x71a68000 	C:\WINDOWS\system32\WS2HELP.dll
0x76b20000 - 0x76b4e000 	C:\WINDOWS\system32\WINMM.dll
0x76bd0000 - 0x76bdb000 	C:\WINDOWS\system32\PSAPI.DLL
0x5d1d0000 - 0x5d1d7000 	C:\WINDOWS\system32\serwvdrv.dll
0x5b4f0000 - 0x5b4f7000 	C:\WINDOWS\system32\umdmxfrm.dll
0x6e820000 - 0x6e82c000 	D:\java\jre\bin\verify.dll
0x6d5a0000 - 0x6d5c0000 	D:\java\jre\bin\java.dll
0x6e8b0000 - 0x6e8c3000 	D:\java\jre\bin\zip.dll
0x6d110000 - 0x6d252000 	D:\java\jre\bin\awt.dll
0x77100000 - 0x7718b000 	C:\WINDOWS\system32\OLEAUT32.dll
0x774c0000 - 0x775fe000 	C:\WINDOWS\system32\ole32.dll
0x5f180000 - 0x5f24c000 	C:\WINDOWS\system32\opengl32.dll
0x5b410000 - 0x5b431000 	C:\WINDOWS\system32\GLU32.dll
0x73710000 - 0x7375b000 	C:\WINDOWS\system32\DDRAW.dll
0x73b70000 - 0x73b76000 	C:\WINDOWS\system32\DCIMAN32.dll
0x746e0000 - 0x7472c000 	C:\WINDOWS\system32\MSCTF.dll
0x77b20000 - 0x77b42000 	C:\WINDOWS\system32\apphelp.dll
0x75290000 - 0x752be000 	C:\WINDOWS\system32\msctfime.ime
0x10000000 - 0x104db000 	C:\WINDOWS\system32\ig4icd32.dll
0x0b230000 - 0x0b548000 	C:\WINDOWS\system32\ig4dev32.dll
0x7c9c0000 - 0x7d1de000 	C:\WINDOWS\system32\SHELL32.dll
0x6d390000 - 0x6d3ba000 	D:\java\jre\bin\fontmanager.dll
0x68000000 - 0x68036000 	C:\WINDOWS\system32\rsaenh.dll
0x769a0000 - 0x76a55000 	C:\WINDOWS\system32\USERENV.dll
0x5bcb0000 - 0x5bd05000 	C:\WINDOWS\system32\netapi32.dll
0x6e5c0000 - 0x6e5d4000 	D:\java\jre\bin\net.dll
0x71a10000 - 0x71a50000 	C:\WINDOWS\System32\mswsock.dll
0x76f00000 - 0x76f27000 	C:\WINDOWS\system32\DNSAPI.dll
0x76d40000 - 0x76d59000 	C:\WINDOWS\system32\iphlpapi.dll
0x76f90000 - 0x76f98000 	C:\WINDOWS\System32\winrnr.dll
0x76f40000 - 0x76f6d000 	C:\WINDOWS\system32\WLDAP32.dll
0x76fa0000 - 0x76fa6000 	C:\WINDOWS\system32\rasadhlp.dll
0x6e5e0000 - 0x6e5ef000 	D:\java\jre\bin\nio.dll
0x6e330000 - 0x6e355000 	D:\java\jre\bin\jpeg.dll
0x6e7c0000 - 0x6e7f1000 	D:\java\jre\bin\t2k.dll
0x59ea0000 - 0x59f41000 	C:\WINDOWS\system32\dbghelp.dll
0x77be0000 - 0x77be8000 	C:\WINDOWS\system32\VERSION.dll

VM Arguments:
jvm_args: -Dfile.encoding=ISO-8859-1 
java_command: teste3dfloor3.Main
Launcher Type: SUN_STANDARD

Environment Variables:
JAVA_HOME=C:\Arquivos de programas\Java\jdk1.6.0_21
PATH=C:\Documents and Settings\All Users\Dados de aplicativos\Oracle\Java\javapath;C:\WINDOWS\system32;C:\WINDOWS;C:\WINDOWS\System32\Wbem;C:\Arquivos de programas\Microsoft SQL Server\80\Tools\Binn\;;c:\maven\bin;C:\Arquivos de programas\glassfishV3.1\javadb\bin;c:\maven3\bin;C:\Arquivos de programas\glassfish-3.1-b41\javadb\bin;c:\ant\bin;C:\findbugs\bin;D:\mingw\bin;C:\Documents and Settings\All Users\Dados de aplicativos\Oracle\Java\javapath;C:\WINDOWS\system32;C:\WINDOWS;C:\WINDOWS\System32\Wbem;C:\Arquivos de programas\Microsoft SQL Server\80\Tools\Binn\;;c:\maven\bin;C:\Arquivos de programas\glassfishV3.1\javadb\bin;c:\maven3\bin;C:\Arquivos de programas\glassfish-3.1-b41\javadb\bin;c:\ant\bin;C:\findbugs\bin;D:\mingw\bin;C:\Arquivos de programas\Java\jdk1.6.0_21/bin
USERNAME=leonardo
OS=Windows_NT
PROCESSOR_IDENTIFIER=x86 Family 6 Model 23 Stepping 10, GenuineIntel



---------------  S Y S T E M  ---------------

OS: Windows XP Build 2600 Service Pack 3

CPU:total 2 (2 cores per cpu, 1 threads per core) family 6 model 23 stepping 10, cmov, cx8, fxsr, mmx, sse, sse2, sse3, ssse3, sse4.1, tsc

Memory: 4k page, physical 3634156k(1686232k free), swap 5560760k(3394196k free)

vm_info: Java HotSpot(TM) Client VM (23.6-b04) for windows-x86 JRE (1.7.0_10-b18), built on Nov 28 2012 08:34:29 by "java_re" with unknown MS VC++:1600

time: Thu Sep 22 11:12:16 2016
elapsed time: 37 seconds

